<?xml version="1.0" encoding="UTF-8"?>
<!-- Generated by org.testng.reporters.JUnitReportReporter -->
<testsuite skipped="0" hostname="DESKTOP-5HEF6VE" name="press3Initialzers_Processors.ExcelReadAndWriteData" tests="1" failures="0" timestamp="26 Aug 2019 06:17:03 GMT" time="34.677" errors="0">
  <testcase name="testSheet" time="34.677" classname="press3Initialzers_Processors.ExcelReadAndWriteData"/>
</testsuite> <!-- press3Initialzers_Processors.ExcelReadAndWriteData -->
