<?xml version="1.0" encoding="UTF-8"?>
<!-- Generated by org.testng.reporters.JUnitReportReporter -->
<testsuite skipped="0" hostname="DESKTOP-JQC3DBN" name="press3Pages.ManagerPages.IvrStudio" tests="1" failures="0" timestamp="24 Sep 2019 11:24:04 GMT" time="27.543" errors="0">
  <testcase name="ivrCreation" time="27.543" classname="press3Pages.ManagerPages.IvrStudio"/>
</testsuite> <!-- press3Pages.ManagerPages.IvrStudio -->
